[debug] [2023-05-29T17:47:22.805Z] ----------------------------------------------------------------------
[debug] [2023-05-29T17:47:22.808Z] Command:       C:\Program Files\nodejs\node.exe C:\Users\vlad-\AppData\Roaming\npm\node_modules\firebase-tools\lib\bin\firebase.js init
[debug] [2023-05-29T17:47:22.809Z] CLI Version:   12.2.1
[debug] [2023-05-29T17:47:22.809Z] Platform:      win32
[debug] [2023-05-29T17:47:22.810Z] Node Version:  v18.14.0
[debug] [2023-05-29T17:47:22.811Z] Time:          Mon May 29 2023 20:47:22 GMT+0300 (Москва, стандартное время)
[debug] [2023-05-29T17:47:22.811Z] ----------------------------------------------------------------------
[debug] 
[debug] [2023-05-29T17:47:22.821Z] > command requires scopes: ["email","openid","https://www.googleapis.com/auth/cloudplatformprojects.readonly","https://www.googleapis.com/auth/firebase","https://www.googleapis.com/auth/cloud-platform"]
[debug] [2023-05-29T17:47:22.822Z] > authorizing via signed-in user (ytwotvladoks@gmail.com)
[info] 
     ######## #### ########  ######## ########     ###     ######  ########
     ##        ##  ##     ## ##       ##     ##  ##   ##  ##       ##
     ######    ##  ########  ######   ########  #########  ######  ######
     ##        ##  ##    ##  ##       ##     ## ##     ##       ## ##
     ##       #### ##     ## ######## ########  ##     ##  ######  ########

You're about to initialize a Firebase project in this directory:

  C:\Users\vlad-\OneDrive\Документы\GitHub\blogpost_express_js

[info] 
=== Project Setup
[info] 
[info] First, let's associate this project directory with a Firebase project.
[info] You can create multiple project aliases by running firebase use --add, 
[info] but for now we'll just set up a default project.
[info] 
[debug] [2023-05-29T17:47:30.038Z] >>> [apiv2][query] GET https://firebase.googleapis.com/v1beta1/projects pageSize=100
[debug] [2023-05-29T17:47:30.933Z] <<< [apiv2][status] GET https://firebase.googleapis.com/v1beta1/projects 200
[debug] [2023-05-29T17:47:30.933Z] <<< [apiv2][body] GET https://firebase.googleapis.com/v1beta1/projects [omitted]
[info] i  Using project blogpostexpress-24961 (blogpostExpress) 
[info] 
=== Database Setup
[info] i  database: ensuring required API firebasedatabase.googleapis.com is enabled... 
[debug] [2023-05-29T17:47:34.045Z] >>> [apiv2][query] GET https://serviceusage.googleapis.com/v1/projects/blogpostexpress-24961/services/firebasedatabase.googleapis.com [none]
[debug] [2023-05-29T17:47:34.046Z] >>> [apiv2][(partial)header] GET https://serviceusage.googleapis.com/v1/projects/blogpostexpress-24961/services/firebasedatabase.googleapis.com x-goog-quota-user=projects/blogpostexpress-24961
[debug] [2023-05-29T17:47:35.184Z] <<< [apiv2][status] GET https://serviceusage.googleapis.com/v1/projects/blogpostexpress-24961/services/firebasedatabase.googleapis.com 200
[debug] [2023-05-29T17:47:35.185Z] <<< [apiv2][body] GET https://serviceusage.googleapis.com/v1/projects/blogpostexpress-24961/services/firebasedatabase.googleapis.com [omitted]
[warn] !  database: missing required API firebasedatabase.googleapis.com. Enabling now... 
[debug] [2023-05-29T17:47:35.186Z] >>> [apiv2][query] POST https://serviceusage.googleapis.com/v1/projects/blogpostexpress-24961/services/firebasedatabase.googleapis.com:enable [none]
[debug] [2023-05-29T17:47:35.186Z] >>> [apiv2][(partial)header] POST https://serviceusage.googleapis.com/v1/projects/blogpostexpress-24961/services/firebasedatabase.googleapis.com:enable x-goog-quota-user=projects/blogpostexpress-24961
[debug] [2023-05-29T17:47:36.743Z] <<< [apiv2][status] POST https://serviceusage.googleapis.com/v1/projects/blogpostexpress-24961/services/firebasedatabase.googleapis.com:enable 200
[debug] [2023-05-29T17:47:36.743Z] <<< [apiv2][body] POST https://serviceusage.googleapis.com/v1/projects/blogpostexpress-24961/services/firebasedatabase.googleapis.com:enable [omitted]
[debug] [2023-05-29T17:47:46.762Z] >>> [apiv2][query] GET https://serviceusage.googleapis.com/v1/projects/blogpostexpress-24961/services/firebasedatabase.googleapis.com [none]
[debug] [2023-05-29T17:47:46.764Z] >>> [apiv2][(partial)header] GET https://serviceusage.googleapis.com/v1/projects/blogpostexpress-24961/services/firebasedatabase.googleapis.com x-goog-quota-user=projects/blogpostexpress-24961
[debug] [2023-05-29T17:47:47.946Z] <<< [apiv2][status] GET https://serviceusage.googleapis.com/v1/projects/blogpostexpress-24961/services/firebasedatabase.googleapis.com 200
[debug] [2023-05-29T17:47:47.946Z] <<< [apiv2][body] GET https://serviceusage.googleapis.com/v1/projects/blogpostexpress-24961/services/firebasedatabase.googleapis.com [omitted]
[info] +  database: required API firebasedatabase.googleapis.com is enabled 
[info] 
[debug] [2023-05-29T17:47:47.958Z] >>> [apiv2][query] GET https://firebase.googleapis.com/v1beta1/projects/blogpostexpress-24961 [none]
[debug] [2023-05-29T17:47:48.261Z] <<< [apiv2][status] GET https://firebase.googleapis.com/v1beta1/projects/blogpostexpress-24961 200
[debug] [2023-05-29T17:47:48.262Z] <<< [apiv2][body] GET https://firebase.googleapis.com/v1beta1/projects/blogpostexpress-24961 {"projectId":"blogpostexpress-24961","projectNumber":"372976495315","displayName":"blogpostExpress","name":"projects/blogpostexpress-24961","resources":{"hostingSite":"blogpostexpress-24961"},"state":"ACTIVE","etag":"1_624f9c69-f2c9-4563-b53f-f3f8ac923885"}
[info] 
[info] Firebase Realtime Database Security Rules allow you to define how your data should be
[info] structured and when your data can be read from and written to.
[info] 
